<?xml version="1.0" encoding="UTF-8"?>
<!-- Generated by org.testng.reporters.JUnitXMLReporter -->
<testsuite ignored="2" hostname="DESKTOP-HAABOA8" failures="0" tests="3" name="car Loan" time="0.04" errors="0" timestamp="2023-11-07T13:51:16 IST">
  <testcase classname="test.Day3" name="home" time="0.002"/>
  <testcase classname="test.Day3" name="office" time="0.008"/>
  <testcase classname="test.Day4" name="playground1" time="0.003"/>
  <testcase classname="test.Day4" name="home1" time="0.0">
    <ignored/>
  </testcase> <!-- home1 -->
  <testcase classname="test.Day4" name="office1" time="0.0">
    <ignored/>
  </testcase> <!-- office1 -->
</testsuite> <!-- car Loan -->
