<?xml version="1.0" encoding="UTF-8"?>
<!-- Generated by org.testng.reporters.JUnitXMLReporter -->
<testsuite ignored="0" hostname="DESKTOP-HAABOA8" failures="0" tests="8" name="personal Loan" time="0.453" errors="0" timestamp="2023-11-07T13:53:38 IST">
  <testcase classname="test.Day1" name="Demo" time="0.028"/>
  <testcase classname="test.Day1" name="Demo1" time="0.021"/>
  <testcase classname="test.Day2" name="Demo4" time="0.004"/>
  <testcase classname="test.Day3" name="home" time="0.003"/>
  <testcase classname="test.Day3" name="office" time="0.006"/>
  <testcase classname="test.Day4" name="home1" time="0.008"/>
  <testcase classname="test.Day4" name="office1" time="0.004"/>
  <testcase classname="test.Day4" name="playground1" time="0.015"/>
</testsuite> <!-- personal Loan -->
