<?xml version="1.0" encoding="UTF-8"?>
<testng-results ignored="0" total="2" passed="2" failed="0" skipped="0">
  <reporter-output>
  </reporter-output>
  <suite started-at="2024-05-10T13:03:56 IST" name="Default suite" finished-at="2024-05-10T13:03:57 IST" duration-ms="148">
    <groups>
    </groups>
    <test started-at="2024-05-10T13:03:56 IST" name="Default test" finished-at="2024-05-10T13:03:57 IST" duration-ms="148">
      <class name="test.Day1">
        <test-method signature="Demo()[pri:0, instance:test.Day1@1de5f259]" started-at="2024-05-10T13:03:56 IST" name="Demo" finished-at="2024-05-10T13:03:57 IST" duration-ms="24" status="PASS">
          <reporter-output>
          </reporter-output>
        </test-method> <!-- Demo -->
        <test-method signature="Demo1()[pri:0, instance:test.Day1@1de5f259]" started-at="2024-05-10T13:03:57 IST" name="Demo1" finished-at="2024-05-10T13:03:57 IST" duration-ms="24" status="PASS">
          <reporter-output>
          </reporter-output>
        </test-method> <!-- Demo1 -->
      </class> <!-- test.Day1 -->
    </test> <!-- Default test -->
  </suite> <!-- Default suite -->
</testng-results>
