<?xml version="1.0" encoding="UTF-8"?>
<testng-results ignored="0" total="1" passed="1" failed="0" skipped="0">
  <reporter-output>
  </reporter-output>
  <suite started-at="2024-05-09T19:25:22 IST" name="Default suite" finished-at="2024-05-09T19:25:22 IST" duration-ms="84">
    <groups>
    </groups>
    <test started-at="2024-05-09T19:25:22 IST" name="Default test" finished-at="2024-05-09T19:25:22 IST" duration-ms="84">
      <class name="test.Day2">
        <test-method is-config="true" signature="Demo3()[pri:0, instance:test.Day2@60bd273d]" started-at="2024-05-09T19:25:22 IST" name="Demo3" finished-at="2024-05-09T19:25:22 IST" duration-ms="14" status="PASS">
          <reporter-output>
          </reporter-output>
        </test-method> <!-- Demo3 -->
        <test-method signature="Demo4()[pri:0, instance:test.Day2@60bd273d]" started-at="2024-05-09T19:25:22 IST" name="Demo4" finished-at="2024-05-09T19:25:22 IST" duration-ms="8" status="PASS">
          <reporter-output>
          </reporter-output>
        </test-method> <!-- Demo4 -->
      </class> <!-- test.Day2 -->
    </test> <!-- Default test -->
  </suite> <!-- Default suite -->
</testng-results>
